app/build/outputs/logs/manifest-merger-release-report.txt
-- Merging decision tree log ---
manifest
ADDED from src/main/AndroidManifest.xml:3:1-31:12
	xmlns:android
		ADDED from src/main/AndroidManifest.xml:4:3-61
	package
		ADDED from src/main/AndroidManifest.xml:5:3-38
		INJECTED from src/main/AndroidManifest.xml
		INJECTED from src/main/AndroidManifest.xml
	android:versionName
		ADDED from src/main/AndroidManifest.xml:7:3-30
		INJECTED from src/main/AndroidManifest.xml
		INJECTED from src/main/AndroidManifest.xml
	android:versionCode
		ADDED from src/main/AndroidManifest.xml:6:3-26
		INJECTED from src/main/AndroidManifest.xml
		INJECTED from src/main/AndroidManifest.xml
application
ADDED from src/main/AndroidManifest.xml:9:3-25:17
	android:label
		ADDED from src/main/AndroidManifest.xml:11:5-37
	android:icon
		ADDED from src/main/AndroidManifest.xml:10:5-34
activity#com.ziquid.celestialglory.CelestialGlory
ADDED from src/main/AndroidManifest.xml:13:5-23:16
	android:screenOrientation
		ADDED from src/main/AndroidManifest.xml:15:6-42
	android:configChanges
		ADDED from src/main/AndroidManifest.xml:16:6-56
	android:theme
		ADDED from src/main/AndroidManifest.xml:14:6-64
	android:name
		ADDED from src/main/AndroidManifest.xml:13:15-45
intent-filter#android.intent.action.MAIN+android.intent.category.LAUNCHER
ADDED from src/main/AndroidManifest.xml:18:7-21:23
action#android.intent.action.MAIN
ADDED from src/main/AndroidManifest.xml:19:9-60
	android:name
		ADDED from src/main/AndroidManifest.xml:19:17-58
category#android.intent.category.LAUNCHER
ADDED from src/main/AndroidManifest.xml:20:9-68
	android:name
		ADDED from src/main/AndroidManifest.xml:20:19-66
uses-permission#android.permission.INTERNET
ADDED from src/main/AndroidManifest.xml:27:3-65
	android:name
		ADDED from src/main/AndroidManifest.xml:27:20-62
uses-permission#android.permission.READ_PHONE_STATE
ADDED from src/main/AndroidManifest.xml:28:3-73
	android:name
		ADDED from src/main/AndroidManifest.xml:28:20-70
uses-permission#com.android.vending.BILLING
ADDED from src/main/AndroidManifest.xml:29:3-65
	android:name
		ADDED from src/main/AndroidManifest.xml:29:20-62
uses-sdk
INJECTED from src/main/AndroidManifest.xml reason: use-sdk injection requested
	android:targetSdkVersion
		INJECTED from src/main/AndroidManifest.xml
		INJECTED from src/main/AndroidManifest.xml
	android:minSdkVersion
		INJECTED from src/main/AndroidManifest.xml
		INJECTED from src/main/AndroidManifest.xml